<?xml version="1.0" encoding="UTF-8"?>
<!-- Generated by org.testng.reporters.JUnitXMLReporter -->
<testsuite ignored="0" hostname="TVMA-LAPW0049" failures="2" tests="5" name="Test" time="136.204" errors="0" timestamp="2024-07-10T15:25:19 IST">
  <testcase classname="testCases.TC002_DDTLoginTest" name="verify_LoginDDT" time="22.656">
    <failure type="java.lang.AssertionError">
      <![CDATA[java.lang.AssertionError: 
at testCases.TC002_DDTLoginTest.verify_LoginDDT(TC002_DDTLoginTest.java:35)
at java.base/java.util.ArrayList.forEach(ArrayList.java:1511)
... Removed 28 stack frames]]>
    </failure>
  </testcase> <!-- verify_LoginDDT -->
  <testcase classname="testCases.TC002_DDTLoginTest" name="verify_LoginDDT" time="22.131"/>
  <testcase classname="testCases.TC002_DDTLoginTest" name="verify_LoginDDT" time="22.46"/>
  <testcase classname="testCases.TC002_DDTLoginTest" name="verify_LoginDDT" time="22.412"/>
  <testcase classname="testCases.TC002_DDTLoginTest" name="verify_LoginDDT" time="22.694">
    <failure type="java.lang.AssertionError">
      <![CDATA[java.lang.AssertionError: 
at testCases.TC002_DDTLoginTest.verify_LoginDDT(TC002_DDTLoginTest.java:35)
at java.base/java.util.ArrayList.forEach(ArrayList.java:1511)
... Removed 28 stack frames]]>
    </failure>
  </testcase> <!-- verify_LoginDDT -->
</testsuite> <!-- Test -->
